<?xml version="1.0" encoding="UTF-8"?>
<!-- Generated by org.testng.reporters.JUnitReportReporter -->
<testsuite hostname="8VXHFG3" failures="0" tests="1" name="com.test.Demo1" time="18.116" errors="0" timestamp="17 Jul 2022 02:59:23 GMT" skipped="0">
  <testcase classname="com.test.Demo1" name="test" time="18.116"/>
</testsuite> <!-- com.test.Demo1 -->
